04-Oct-22 19:04:52 : Logger/logger.log; Import all contact from .csv;
05-Oct-22 09:43:15 : Logger/logger.log; Contact change;new contact;
05-Oct-22 09:43:15 : Logger/logger.log; Import all contact from .csv;
05-Oct-22 12:21:50 : Logger/logger.log; Contact change;new contact;
05-Oct-22 12:21:50 : Logger/logger.log; Import all contact from .csv;
05-Oct-22 12:29:44 : Logger/logger.log; Contact change;new contact;
05-Oct-22 12:29:44 : Logger/logger.log; Import all contact from .csv;
05-Oct-22 12:30:08 : Logger/logger.log; Contact change;new contact;
05-Oct-22 12:30:08 : Logger/logger.log; Import all contact from .csv;
05-Oct-22 12:49:17 : Logger/logger.log; Contact change;new contact;
05-Oct-22 12:49:17 : Logger/logger.log; Import all contact from .csv;
05-Oct-22 13:42:37 : {'surname': 'Р’Р°Р»РµС‚РѕРІ', 'name': 'РђРЅРґСЂРµР№', 'tel': '+375297009823', 'comment': 'С€СѓС‚РєР° РЅРѕРјРµСЂ'}; Create new contact;
05-Oct-22 13:47:56 : {'surname': 'Р“РёРєСЂР°РјРёРЅ', 'name': 'РђСЂС‚СѓСЂ', 'tel': '+71646432164', 'comment': 'С€СѓС‚РєР°'}; Create new contact;
05-Oct-22 16:42:40 : {'surname': 'РЎРёРґРѕСЂРѕРІ', 'name': 'РЎРёРґРѕСЂ', 'tel': '7777777', 'comment': 'СЃРёРґРѕСЂ'}; Create new contact;
05-Oct-22 16:45:52 : {'id': '10', 'surname': 'Cbljhjd', 'name': 'РЎРёРґРѕСЂ', 'tel': '777755', 'comment': 'С‡РІР°РІС‹'}; Create new contact;
05-Oct-22 17:29:15 : {'id': '11', 'surname': 'РџС‹Р¶РёРєРѕРІ', 'name': 'Р’Р°РґРёРј', 'tel': '5555555', 'description': 'С‡РёР¶РёРє РїС‹Р¶РёРє'}; Create new contact;
06-Oct-22 10:25:32; Export all contact in .json;
06-Oct-22 15:30:44; Export all contact in .csv;
06-Oct-22 15:31:58; Export all contact in .txt
06-Oct-22 15:34:51;Import all contact from .txt
06-Oct-22 16:48:29; Import all contact from .csv;
06-Oct-22 16:53:26; Import all contact from .csv;
06-Oct-22 16:53:39; Import all contact from .txt
06-Oct-22 16:54:18; Export all contact in .csv;
06-Oct-22 16:54:35; Export all contact in .json;
06-Oct-22 16:58:45; Export all contact in .json;
INFO:root:Started
INFO:root:Р”РµР»Р°С‚СЊ С‡С‚Рѕ-С‚Рѕ
INFO:root:Finished
INFO:logger:РџСЂРѕРёР·РѕС€Р»Рѕ С‡С‚Рѕ-С‚Рѕ РІР°Р¶РЅРѕРµ
ERROR:root:РџСЂРѕРёР·РѕС€Р»Рѕ С‡С‚Рѕ-С‚Рѕ РІР°Р¶РЅРѕРµ
РџСЂРѕРёР·РѕС€Р»Рѕ С‡С‚Рѕ-С‚Рѕ РІР°Р¶РЅРѕРµ
ERROR:root:РџСЂРѕРёР·РѕС€Р»Рѕ С‡С‚Рѕ-С‚Рѕ РІР°Р¶РЅРѕРµ
2022-10-06 17:35:06,587 - root - ERROR - РџСЂРѕРёР·РѕС€Р»Рѕ С‡С‚Рѕ-С‚Рѕ РІР°Р¶РЅРѕРµ
РџСЂРѕРёР·РѕС€Р»Рѕ С‡С‚Рѕ-С‚Рѕ РІР°Р¶РЅРѕРµ
2022-10-06 17:35:06,588 - root - ERROR - РџСЂРѕРёР·РѕС€Р»Рѕ С‡С‚Рѕ-С‚Рѕ РІР°Р¶РЅРѕРµ
РџСЂРѕРёР·РѕС€Р»Рѕ С‡С‚Рѕ-С‚Рѕ РІР°Р¶РЅРѕРµ
2022-10-06 17:36:10,255 - logger - ERROR - РџСЂРѕРёР·РѕС€Р»Рѕ С‡С‚Рѕ-С‚Рѕ РІР°Р¶РЅРѕРµ
2022-10-06 17:36:10,256 - logger - ERROR - РџСЂРѕРёР·РѕС€Р»Рѕ С‡С‚Рѕ-С‚Рѕ РІР°Р¶РЅРѕРµ
2022-10-06 17:37:54,680 - logger - ERROR - РџСЂРѕРёР·РѕС€Р»Рѕ С‡С‚Рѕ-С‚Рѕ РІР°Р¶РЅРѕРµ
2022-10-06 17:37:54,680 - logger - ERROR - РџСЂРѕРёР·РѕС€Р»Рѕ С‡С‚Рѕ-С‚Рѕ РІР°Р¶РЅРѕРµ
2022-10-06 18:11:33,334 - logger - ERROR - РџСЂРѕРёР·РѕС€Р»Рѕ С‡С‚Рѕ-С‚Рѕ РІР°Р¶РЅРѕРµ
2022-10-06 18:11:33,334 - logger - ERROR - РџСЂРѕРёР·РѕС€Р»Рѕ С‡С‚Рѕ-С‚Рѕ РІР°Р¶РЅРѕРµ
06-Oct-22 19:57:45 : {'id': 16, 'surname': 'РџРµС‚СЂРѕРІ', 'name': 'РїРµС‚СЂ', 'tel': '516564', 'description': 'РїСЂРёРІРµС‚'}; Create new contact;
2022-10-06 20:32:37,703 - logger - ERROR - Произошло что-то важное
2022-10-06 20:32:37,703 - logger - ERROR - Произошло что-то важное
06-Oct-22 20:32:54; Import all contact from .txt
06-Oct-22 20:33:04; Export all contact in .txt
06-Oct-22 20:39:00 : {'id': 16, 'surname': 'РџРµС‚СЂРѕРІ', 'name': 'РїРµС‚СЂ', 'tel': '516564', 'description': 'РїСЂРёРІРµС‚'}; Delete contact;
06-Oct-22 20:43:49 : {'id': 16, 'surname': 'РџРµС‚СЂРѕРІ', 'name': 'РїРµС‚СЂ', 'tel': '516564', 'description': 'РїСЂРёРІРµС‚'}; Delete contact;
06-Oct-22 21:03:11; Import all contact from .csv;
06-Oct-22 21:36:58; Import all contact from .txt
06-Oct-22 21:37:50; Export all contact in .csv;
06-Oct-22 21:38:00; Export all contact in .json;
06-Oct-22 21:41:35; Export all contact in .json;
2022-10-06 21:42:08,494 - logger - ERROR - Произошло что-то важное
2022-10-06 21:42:08,495 - logger - ERROR - Произошло что-то важное
2022-10-06 22:03:47,314 - logger - ERROR - Произошло что-то важное
2022-10-06 22:03:47,326 - logger - ERROR - Произошло что-то важное
